[13-Feb-2023 14:00:40 UTC] PHP Warning:  Attempt to read property "title" on null in /Users/nicolasvandenheede/Local Sites/planty/app/public/wp-includes/class-wp-customize-widgets.php on line 900
[21-Feb-2023 08:47:24 UTC] Erreur d’événement de replanification de tâche pour le crochet wp_privacy_delete_old_export_files. Code d’erreur : could_not_set. Message d’erreur : La liste des évènements planifiés n’a pas pu être sauvegardée.. Données : {"schedule":"hourly","args":[],"interval":3600}
[06-Mar-2023 14:00:49 UTC] PHP Warning:  Une erreur imprévue est survenue. Il pourrait y avoir un problème avec WordPress.org ou la configuration de ce serveur. Si vous continuez à rencontrer ce problème, veuillez vous rendre sur les <a href="https://wpfr.net/support">forums de support</a>. (WordPress n’a pas pu établir de connexion sécurisée vers WordPress.org. Veuillez contacter l’administrateur ou l’administratrice de votre serveur.) in /Users/nicolasvandenheede/Local Sites/planty/app/public/wp-includes/update.php on line 447
[06-Mar-2023 14:00:49 UTC] PHP Warning:  Une erreur imprévue est survenue. Il pourrait y avoir un problème avec WordPress.org ou la configuration de ce serveur. Si vous continuez à rencontrer ce problème, veuillez vous rendre sur les <a href="https://wpfr.net/support">forums de support</a>. (WordPress n’a pas pu établir de connexion sécurisée vers WordPress.org. Veuillez contacter l’administrateur ou l’administratrice de votre serveur.) in /Users/nicolasvandenheede/Local Sites/planty/app/public/wp-includes/update.php on line 447
[06-Mar-2023 14:00:49 UTC] Erreur d’événement de replanification de tâche pour le crochet wp_update_themes. Code d’erreur : could_not_set. Message d’erreur : La liste des évènements planifiés n’a pas pu être sauvegardée.. Données : {"schedule":"twicedaily","args":[],"interval":43200}
[06-Mar-2023 14:00:49 UTC] PHP Warning:  Une erreur imprévue est survenue. Il pourrait y avoir un problème avec WordPress.org ou la configuration de ce serveur. Si vous continuez à rencontrer ce problème, veuillez vous rendre sur les <a href="https://wpfr.net/support">forums de support</a>. (WordPress n’a pas pu établir de connexion sécurisée vers WordPress.org. Veuillez contacter l’administrateur ou l’administratrice de votre serveur.) in /Users/nicolasvandenheede/Local Sites/planty/app/public/wp-includes/update.php on line 728
[06-Mar-2023 14:00:49 UTC] PHP Warning:  Une erreur imprévue est survenue. Il pourrait y avoir un problème avec WordPress.org ou la configuration de ce serveur. Si vous continuez à rencontrer ce problème, veuillez vous rendre sur les <a href="https://wpfr.net/support">forums de support</a>. (WordPress n’a pas pu établir de connexion sécurisée vers WordPress.org. Veuillez contacter l’administrateur ou l’administratrice de votre serveur.) in /Users/nicolasvandenheede/Local Sites/planty/app/public/wp-includes/update.php on line 728
[07-Mar-2023 09:20:47 UTC] PHP Warning:  Une erreur imprévue est survenue. Il pourrait y avoir un problème avec WordPress.org ou la configuration de ce serveur. Si vous continuez à rencontrer ce problème, veuillez vous rendre sur les <a href="https://wpfr.net/support">forums de support</a>. (WordPress n’a pas pu établir de connexion sécurisée vers WordPress.org. Veuillez contacter l’administrateur ou l’administratrice de votre serveur.) in /Users/nicolasvandenheede/Local Sites/planty/app/public/wp-includes/update.php on line 447
[07-Mar-2023 09:20:47 UTC] PHP Warning:  Une erreur imprévue est survenue. Il pourrait y avoir un problème avec WordPress.org ou la configuration de ce serveur. Si vous continuez à rencontrer ce problème, veuillez vous rendre sur les <a href="https://wpfr.net/support">forums de support</a>. (WordPress n’a pas pu établir de connexion sécurisée vers WordPress.org. Veuillez contacter l’administrateur ou l’administratrice de votre serveur.) in /Users/nicolasvandenheede/Local Sites/planty/app/public/wp-includes/update.php on line 728
[07-Mar-2023 16:38:46 UTC] PHP Parse error:  syntax error, unexpected token "const" in /Users/nicolasvandenheede/Local Sites/planty/app/public/wp-content/themes/twentytwentyone-child/functions.php on line 37
[07-Mar-2023 16:38:46 UTC] PHP Parse error:  syntax error, unexpected token "const" in /Users/nicolasvandenheede/Local Sites/planty/app/public/wp-content/themes/twentytwentyone-child/functions.php on line 37
[07-Mar-2023 16:39:14 UTC] PHP Parse error:  syntax error, unexpected token "const" in /Users/nicolasvandenheede/Local Sites/planty/app/public/wp-content/themes/twentytwentyone-child/functions.php on line 37
[07-Mar-2023 16:39:14 UTC] PHP Warning:  Trying to access array offset on value of type bool in /Users/nicolasvandenheede/Local Sites/planty/app/public/wp-includes/class-wp-recovery-mode-email-service.php on line 372
[07-Mar-2023 16:39:14 UTC] PHP Warning:  Trying to access array offset on value of type bool in /Users/nicolasvandenheede/Local Sites/planty/app/public/wp-includes/class-wp-recovery-mode-email-service.php on line 373
[07-Mar-2023 16:39:34 UTC] PHP Parse error:  syntax error, unexpected token "const" in /Users/nicolasvandenheede/Local Sites/planty/app/public/wp-content/themes/twentytwentyone-child/functions.php on line 37
[07-Mar-2023 16:39:34 UTC] PHP Parse error:  syntax error, unexpected token "const" in /Users/nicolasvandenheede/Local Sites/planty/app/public/wp-content/themes/twentytwentyone-child/functions.php on line 37
[07-Mar-2023 16:39:36 UTC] PHP Parse error:  syntax error, unexpected token "const" in /Users/nicolasvandenheede/Local Sites/planty/app/public/wp-content/themes/twentytwentyone-child/functions.php on line 37
[07-Mar-2023 16:39:36 UTC] PHP Parse error:  syntax error, unexpected token "const" in /Users/nicolasvandenheede/Local Sites/planty/app/public/wp-content/themes/twentytwentyone-child/functions.php on line 37
[07-Mar-2023 16:39:43 UTC] PHP Parse error:  syntax error, unexpected token "const" in /Users/nicolasvandenheede/Local Sites/planty/app/public/wp-content/themes/twentytwentyone-child/functions.php on line 37
[08-Mar-2023 15:20:45 UTC] PHP Warning:  Une erreur imprévue est survenue. Il pourrait y avoir un problème avec WordPress.org ou la configuration de ce serveur. Si vous continuez à rencontrer ce problème, veuillez vous rendre sur les <a href="https://wpfr.net/support">forums de support</a>. (WordPress n’a pas pu établir de connexion sécurisée vers WordPress.org. Veuillez contacter l’administrateur ou l’administratrice de votre serveur.) in /Users/nicolasvandenheede/Local Sites/planty/app/public/wp-includes/update.php on line 447
[08-Mar-2023 15:20:45 UTC] PHP Warning:  Une erreur imprévue est survenue. Il pourrait y avoir un problème avec WordPress.org ou la configuration de ce serveur. Si vous continuez à rencontrer ce problème, veuillez vous rendre sur les <a href="https://wpfr.net/support">forums de support</a>. (WordPress n’a pas pu établir de connexion sécurisée vers WordPress.org. Veuillez contacter l’administrateur ou l’administratrice de votre serveur.) in /Users/nicolasvandenheede/Local Sites/planty/app/public/wp-includes/update.php on line 728
[09-Mar-2023 09:46:47 UTC] PHP Warning:  Une erreur imprévue est survenue. Il pourrait y avoir un problème avec WordPress.org ou la configuration de ce serveur. Si vous continuez à rencontrer ce problème, veuillez vous rendre sur les <a href="https://wpfr.net/support">forums de support</a>. (WordPress n’a pas pu établir de connexion sécurisée vers WordPress.org. Veuillez contacter l’administrateur ou l’administratrice de votre serveur.) in /Users/nicolasvandenheede/Local Sites/planty/app/public/wp-includes/update.php on line 447
[09-Mar-2023 09:46:47 UTC] PHP Warning:  Une erreur imprévue est survenue. Il pourrait y avoir un problème avec WordPress.org ou la configuration de ce serveur. Si vous continuez à rencontrer ce problème, veuillez vous rendre sur les <a href="https://wpfr.net/support">forums de support</a>. (WordPress n’a pas pu établir de connexion sécurisée vers WordPress.org. Veuillez contacter l’administrateur ou l’administratrice de votre serveur.) in /Users/nicolasvandenheede/Local Sites/planty/app/public/wp-includes/update.php on line 728
[09-Mar-2023 16:37:31 UTC] PHP Warning:  Undefined array key "uacf7_redirect_enable" in /Users/nicolasvandenheede/Local Sites/planty/app/public/wp-content/plugins/ultimate-addons-for-contact-form-7/addons/redirection/redirect.php on line 351
[09-Mar-2023 16:37:31 UTC] PHP Warning:  Undefined variable $data in /Users/nicolasvandenheede/Local Sites/planty/app/public/wp-content/plugins/ultimate-addons-for-contact-form-7/addons/conditional-field/conditional-fields.php on line 434
[09-Mar-2023 16:37:31 UTC] PHP Warning:  Undefined array key "uacf7_enable_placeholder_styles" in /Users/nicolasvandenheede/Local Sites/planty/app/public/wp-content/plugins/ultimate-addons-for-contact-form-7/addons/placeholder/placeholder.php on line 128
[09-Mar-2023 16:37:31 UTC] PHP Warning:  Undefined array key "uacf7_enable_multistep_progressbar" in /Users/nicolasvandenheede/Local Sites/planty/app/public/wp-content/plugins/ultimate-addons-for-contact-form-7/addons/multistep/multistep.php on line 419
[09-Mar-2023 16:37:31 UTC] PHP Warning:  Undefined array key "uacf7_progressbar_style" in /Users/nicolasvandenheede/Local Sites/planty/app/public/wp-content/plugins/ultimate-addons-for-contact-form-7/addons/multistep/multistep.php on line 421
[09-Mar-2023 16:37:31 UTC] PHP Warning:  Undefined array key "uacf7_progressbar_style" in /Users/nicolasvandenheede/Local Sites/planty/app/public/wp-content/plugins/ultimate-addons-for-contact-form-7/addons/multistep/multistep.php on line 421
[09-Mar-2023 16:37:31 UTC] PHP Warning:  Undefined array key "uacf7_enable_form_styles" in /Users/nicolasvandenheede/Local Sites/planty/app/public/wp-content/plugins/ultimate-addons-for-contact-form-7/addons/styler/uacf7style.php on line 402
[09-Mar-2023 16:37:31 UTC] PHP Warning:  Undefined array key "pre_populate_enable" in /Users/nicolasvandenheede/Local Sites/planty/app/public/wp-content/plugins/ultimate-addons-for-contact-form-7/addons/pre-populate-field/pre-populate-field.php on line 195
[09-Mar-2023 16:37:31 UTC] PHP Warning:  Undefined array key "pre_populate_passing_field" in /Users/nicolasvandenheede/Local Sites/planty/app/public/wp-content/plugins/ultimate-addons-for-contact-form-7/addons/pre-populate-field/pre-populate-field.php on line 200
[09-Mar-2023 16:37:31 UTC] PHP Warning:  foreach() argument must be of type array|object, null given in /Users/nicolasvandenheede/Local Sites/planty/app/public/wp-content/plugins/ultimate-addons-for-contact-form-7/addons/pre-populate-field/pre-populate-field.php on line 200
[09-Mar-2023 16:38:50 UTC] PHP Warning:  Undefined array key "uacf7_redirect_enable" in /Users/nicolasvandenheede/Local Sites/planty/app/public/wp-content/plugins/ultimate-addons-for-contact-form-7/addons/redirection/redirect.php on line 351
[09-Mar-2023 16:38:50 UTC] PHP Warning:  Undefined variable $data in /Users/nicolasvandenheede/Local Sites/planty/app/public/wp-content/plugins/ultimate-addons-for-contact-form-7/addons/conditional-field/conditional-fields.php on line 434
[09-Mar-2023 16:38:50 UTC] PHP Warning:  Undefined array key "uacf7_enable_placeholder_styles" in /Users/nicolasvandenheede/Local Sites/planty/app/public/wp-content/plugins/ultimate-addons-for-contact-form-7/addons/placeholder/placeholder.php on line 128
[09-Mar-2023 16:38:50 UTC] PHP Warning:  Undefined array key "uacf7_enable_multistep_progressbar" in /Users/nicolasvandenheede/Local Sites/planty/app/public/wp-content/plugins/ultimate-addons-for-contact-form-7/addons/multistep/multistep.php on line 419
[09-Mar-2023 16:38:50 UTC] PHP Warning:  Undefined array key "uacf7_progressbar_style" in /Users/nicolasvandenheede/Local Sites/planty/app/public/wp-content/plugins/ultimate-addons-for-contact-form-7/addons/multistep/multistep.php on line 421
[09-Mar-2023 16:38:50 UTC] PHP Warning:  Undefined array key "uacf7_progressbar_style" in /Users/nicolasvandenheede/Local Sites/planty/app/public/wp-content/plugins/ultimate-addons-for-contact-form-7/addons/multistep/multistep.php on line 421
[09-Mar-2023 16:38:50 UTC] PHP Warning:  Undefined array key "uacf7_enable_form_styles" in /Users/nicolasvandenheede/Local Sites/planty/app/public/wp-content/plugins/ultimate-addons-for-contact-form-7/addons/styler/uacf7style.php on line 402
[09-Mar-2023 16:38:50 UTC] PHP Warning:  Undefined array key "pre_populate_enable" in /Users/nicolasvandenheede/Local Sites/planty/app/public/wp-content/plugins/ultimate-addons-for-contact-form-7/addons/pre-populate-field/pre-populate-field.php on line 195
[09-Mar-2023 16:38:50 UTC] PHP Warning:  Undefined array key "pre_populate_passing_field" in /Users/nicolasvandenheede/Local Sites/planty/app/public/wp-content/plugins/ultimate-addons-for-contact-form-7/addons/pre-populate-field/pre-populate-field.php on line 200
[09-Mar-2023 16:38:50 UTC] PHP Warning:  foreach() argument must be of type array|object, null given in /Users/nicolasvandenheede/Local Sites/planty/app/public/wp-content/plugins/ultimate-addons-for-contact-form-7/addons/pre-populate-field/pre-populate-field.php on line 200
[09-Mar-2023 16:39:52 UTC] PHP Warning:  Undefined array key "uacf7_redirect_enable" in /Users/nicolasvandenheede/Local Sites/planty/app/public/wp-content/plugins/ultimate-addons-for-contact-form-7/addons/redirection/redirect.php on line 351
[09-Mar-2023 16:39:52 UTC] PHP Warning:  Undefined variable $data in /Users/nicolasvandenheede/Local Sites/planty/app/public/wp-content/plugins/ultimate-addons-for-contact-form-7/addons/conditional-field/conditional-fields.php on line 434
[09-Mar-2023 16:39:52 UTC] PHP Warning:  Undefined array key "uacf7_enable_placeholder_styles" in /Users/nicolasvandenheede/Local Sites/planty/app/public/wp-content/plugins/ultimate-addons-for-contact-form-7/addons/placeholder/placeholder.php on line 128
[09-Mar-2023 16:39:52 UTC] PHP Warning:  Undefined array key "uacf7_enable_multistep_progressbar" in /Users/nicolasvandenheede/Local Sites/planty/app/public/wp-content/plugins/ultimate-addons-for-contact-form-7/addons/multistep/multistep.php on line 419
[09-Mar-2023 16:39:52 UTC] PHP Warning:  Undefined array key "uacf7_progressbar_style" in /Users/nicolasvandenheede/Local Sites/planty/app/public/wp-content/plugins/ultimate-addons-for-contact-form-7/addons/multistep/multistep.php on line 421
[09-Mar-2023 16:39:52 UTC] PHP Warning:  Undefined array key "uacf7_progressbar_style" in /Users/nicolasvandenheede/Local Sites/planty/app/public/wp-content/plugins/ultimate-addons-for-contact-form-7/addons/multistep/multistep.php on line 421
[09-Mar-2023 16:39:52 UTC] PHP Warning:  Undefined array key "uacf7_enable_form_styles" in /Users/nicolasvandenheede/Local Sites/planty/app/public/wp-content/plugins/ultimate-addons-for-contact-form-7/addons/styler/uacf7style.php on line 402
[09-Mar-2023 16:39:52 UTC] PHP Warning:  Undefined array key "pre_populate_enable" in /Users/nicolasvandenheede/Local Sites/planty/app/public/wp-content/plugins/ultimate-addons-for-contact-form-7/addons/pre-populate-field/pre-populate-field.php on line 195
[09-Mar-2023 16:39:52 UTC] PHP Warning:  Undefined array key "pre_populate_passing_field" in /Users/nicolasvandenheede/Local Sites/planty/app/public/wp-content/plugins/ultimate-addons-for-contact-form-7/addons/pre-populate-field/pre-populate-field.php on line 200
[09-Mar-2023 16:39:52 UTC] PHP Warning:  foreach() argument must be of type array|object, null given in /Users/nicolasvandenheede/Local Sites/planty/app/public/wp-content/plugins/ultimate-addons-for-contact-form-7/addons/pre-populate-field/pre-populate-field.php on line 200
[09-Mar-2023 16:40:59 UTC] PHP Warning:  Undefined array key "uacf7_redirect_enable" in /Users/nicolasvandenheede/Local Sites/planty/app/public/wp-content/plugins/ultimate-addons-for-contact-form-7/addons/redirection/redirect.php on line 351
[09-Mar-2023 16:40:59 UTC] PHP Warning:  Undefined variable $data in /Users/nicolasvandenheede/Local Sites/planty/app/public/wp-content/plugins/ultimate-addons-for-contact-form-7/addons/conditional-field/conditional-fields.php on line 434
[09-Mar-2023 16:40:59 UTC] PHP Warning:  Undefined array key "uacf7_enable_placeholder_styles" in /Users/nicolasvandenheede/Local Sites/planty/app/public/wp-content/plugins/ultimate-addons-for-contact-form-7/addons/placeholder/placeholder.php on line 128
[09-Mar-2023 16:40:59 UTC] PHP Warning:  Undefined array key "uacf7_enable_multistep_progressbar" in /Users/nicolasvandenheede/Local Sites/planty/app/public/wp-content/plugins/ultimate-addons-for-contact-form-7/addons/multistep/multistep.php on line 419
[09-Mar-2023 16:40:59 UTC] PHP Warning:  Undefined array key "uacf7_progressbar_style" in /Users/nicolasvandenheede/Local Sites/planty/app/public/wp-content/plugins/ultimate-addons-for-contact-form-7/addons/multistep/multistep.php on line 421
[09-Mar-2023 16:40:59 UTC] PHP Warning:  Undefined array key "uacf7_progressbar_style" in /Users/nicolasvandenheede/Local Sites/planty/app/public/wp-content/plugins/ultimate-addons-for-contact-form-7/addons/multistep/multistep.php on line 421
[09-Mar-2023 16:40:59 UTC] PHP Warning:  Undefined array key "uacf7_enable_form_styles" in /Users/nicolasvandenheede/Local Sites/planty/app/public/wp-content/plugins/ultimate-addons-for-contact-form-7/addons/styler/uacf7style.php on line 402
[09-Mar-2023 16:40:59 UTC] PHP Warning:  Undefined array key "pre_populate_enable" in /Users/nicolasvandenheede/Local Sites/planty/app/public/wp-content/plugins/ultimate-addons-for-contact-form-7/addons/pre-populate-field/pre-populate-field.php on line 195
[09-Mar-2023 16:40:59 UTC] PHP Warning:  Undefined array key "pre_populate_passing_field" in /Users/nicolasvandenheede/Local Sites/planty/app/public/wp-content/plugins/ultimate-addons-for-contact-form-7/addons/pre-populate-field/pre-populate-field.php on line 200
[09-Mar-2023 16:40:59 UTC] PHP Warning:  foreach() argument must be of type array|object, null given in /Users/nicolasvandenheede/Local Sites/planty/app/public/wp-content/plugins/ultimate-addons-for-contact-form-7/addons/pre-populate-field/pre-populate-field.php on line 200
[09-Mar-2023 16:50:19 UTC] PHP Warning:  Undefined array key "uacf7_redirect_enable" in /Users/nicolasvandenheede/Local Sites/planty/app/public/wp-content/plugins/ultimate-addons-for-contact-form-7/addons/redirection/redirect.php on line 351
[09-Mar-2023 16:50:19 UTC] PHP Warning:  Undefined variable $data in /Users/nicolasvandenheede/Local Sites/planty/app/public/wp-content/plugins/ultimate-addons-for-contact-form-7/addons/conditional-field/conditional-fields.php on line 434
[09-Mar-2023 16:50:19 UTC] PHP Warning:  Undefined array key "uacf7_enable_placeholder_styles" in /Users/nicolasvandenheede/Local Sites/planty/app/public/wp-content/plugins/ultimate-addons-for-contact-form-7/addons/placeholder/placeholder.php on line 128
[09-Mar-2023 16:50:19 UTC] PHP Warning:  Undefined array key "uacf7_enable_multistep_progressbar" in /Users/nicolasvandenheede/Local Sites/planty/app/public/wp-content/plugins/ultimate-addons-for-contact-form-7/addons/multistep/multistep.php on line 419
[09-Mar-2023 16:50:19 UTC] PHP Warning:  Undefined array key "uacf7_progressbar_style" in /Users/nicolasvandenheede/Local Sites/planty/app/public/wp-content/plugins/ultimate-addons-for-contact-form-7/addons/multistep/multistep.php on line 421
[09-Mar-2023 16:50:19 UTC] PHP Warning:  Undefined array key "uacf7_progressbar_style" in /Users/nicolasvandenheede/Local Sites/planty/app/public/wp-content/plugins/ultimate-addons-for-contact-form-7/addons/multistep/multistep.php on line 421
[09-Mar-2023 16:50:19 UTC] PHP Warning:  Undefined array key "uacf7_enable_form_styles" in /Users/nicolasvandenheede/Local Sites/planty/app/public/wp-content/plugins/ultimate-addons-for-contact-form-7/addons/styler/uacf7style.php on line 402
[09-Mar-2023 16:50:19 UTC] PHP Warning:  Undefined array key "pre_populate_enable" in /Users/nicolasvandenheede/Local Sites/planty/app/public/wp-content/plugins/ultimate-addons-for-contact-form-7/addons/pre-populate-field/pre-populate-field.php on line 195
[09-Mar-2023 16:50:19 UTC] PHP Warning:  Undefined array key "pre_populate_passing_field" in /Users/nicolasvandenheede/Local Sites/planty/app/public/wp-content/plugins/ultimate-addons-for-contact-form-7/addons/pre-populate-field/pre-populate-field.php on line 200
[09-Mar-2023 16:50:19 UTC] PHP Warning:  foreach() argument must be of type array|object, null given in /Users/nicolasvandenheede/Local Sites/planty/app/public/wp-content/plugins/ultimate-addons-for-contact-form-7/addons/pre-populate-field/pre-populate-field.php on line 200
[09-Mar-2023 16:54:41 UTC] PHP Warning:  Undefined array key "uacf7_redirect_enable" in /Users/nicolasvandenheede/Local Sites/planty/app/public/wp-content/plugins/ultimate-addons-for-contact-form-7/addons/redirection/redirect.php on line 351
[09-Mar-2023 16:54:41 UTC] PHP Warning:  Undefined variable $data in /Users/nicolasvandenheede/Local Sites/planty/app/public/wp-content/plugins/ultimate-addons-for-contact-form-7/addons/conditional-field/conditional-fields.php on line 434
[09-Mar-2023 16:54:41 UTC] PHP Warning:  Undefined array key "uacf7_enable_placeholder_styles" in /Users/nicolasvandenheede/Local Sites/planty/app/public/wp-content/plugins/ultimate-addons-for-contact-form-7/addons/placeholder/placeholder.php on line 128
[09-Mar-2023 16:54:41 UTC] PHP Warning:  Undefined array key "uacf7_enable_multistep_progressbar" in /Users/nicolasvandenheede/Local Sites/planty/app/public/wp-content/plugins/ultimate-addons-for-contact-form-7/addons/multistep/multistep.php on line 419
[09-Mar-2023 16:54:41 UTC] PHP Warning:  Undefined array key "uacf7_progressbar_style" in /Users/nicolasvandenheede/Local Sites/planty/app/public/wp-content/plugins/ultimate-addons-for-contact-form-7/addons/multistep/multistep.php on line 421
[09-Mar-2023 16:54:41 UTC] PHP Warning:  Undefined array key "uacf7_progressbar_style" in /Users/nicolasvandenheede/Local Sites/planty/app/public/wp-content/plugins/ultimate-addons-for-contact-form-7/addons/multistep/multistep.php on line 421
[09-Mar-2023 16:54:41 UTC] PHP Warning:  Undefined array key "uacf7_enable_form_styles" in /Users/nicolasvandenheede/Local Sites/planty/app/public/wp-content/plugins/ultimate-addons-for-contact-form-7/addons/styler/uacf7style.php on line 402
[09-Mar-2023 16:54:41 UTC] PHP Warning:  Undefined array key "pre_populate_enable" in /Users/nicolasvandenheede/Local Sites/planty/app/public/wp-content/plugins/ultimate-addons-for-contact-form-7/addons/pre-populate-field/pre-populate-field.php on line 195
[09-Mar-2023 16:54:41 UTC] PHP Warning:  Undefined array key "pre_populate_passing_field" in /Users/nicolasvandenheede/Local Sites/planty/app/public/wp-content/plugins/ultimate-addons-for-contact-form-7/addons/pre-populate-field/pre-populate-field.php on line 200
[09-Mar-2023 16:54:41 UTC] PHP Warning:  foreach() argument must be of type array|object, null given in /Users/nicolasvandenheede/Local Sites/planty/app/public/wp-content/plugins/ultimate-addons-for-contact-form-7/addons/pre-populate-field/pre-populate-field.php on line 200
[09-Mar-2023 16:58:01 UTC] PHP Warning:  Undefined array key "uacf7_redirect_enable" in /Users/nicolasvandenheede/Local Sites/planty/app/public/wp-content/plugins/ultimate-addons-for-contact-form-7/addons/redirection/redirect.php on line 351
[09-Mar-2023 16:58:01 UTC] PHP Warning:  Undefined variable $data in /Users/nicolasvandenheede/Local Sites/planty/app/public/wp-content/plugins/ultimate-addons-for-contact-form-7/addons/conditional-field/conditional-fields.php on line 434
[09-Mar-2023 16:58:01 UTC] PHP Warning:  Undefined array key "uacf7_enable_placeholder_styles" in /Users/nicolasvandenheede/Local Sites/planty/app/public/wp-content/plugins/ultimate-addons-for-contact-form-7/addons/placeholder/placeholder.php on line 128
[09-Mar-2023 16:58:01 UTC] PHP Warning:  Undefined array key "uacf7_enable_multistep_progressbar" in /Users/nicolasvandenheede/Local Sites/planty/app/public/wp-content/plugins/ultimate-addons-for-contact-form-7/addons/multistep/multistep.php on line 419
[09-Mar-2023 16:58:01 UTC] PHP Warning:  Undefined array key "uacf7_progressbar_style" in /Users/nicolasvandenheede/Local Sites/planty/app/public/wp-content/plugins/ultimate-addons-for-contact-form-7/addons/multistep/multistep.php on line 421
[09-Mar-2023 16:58:01 UTC] PHP Warning:  Undefined array key "uacf7_progressbar_style" in /Users/nicolasvandenheede/Local Sites/planty/app/public/wp-content/plugins/ultimate-addons-for-contact-form-7/addons/multistep/multistep.php on line 421
[09-Mar-2023 16:58:01 UTC] PHP Warning:  Undefined array key "uacf7_enable_form_styles" in /Users/nicolasvandenheede/Local Sites/planty/app/public/wp-content/plugins/ultimate-addons-for-contact-form-7/addons/styler/uacf7style.php on line 402
[09-Mar-2023 16:58:01 UTC] PHP Warning:  Undefined array key "pre_populate_enable" in /Users/nicolasvandenheede/Local Sites/planty/app/public/wp-content/plugins/ultimate-addons-for-contact-form-7/addons/pre-populate-field/pre-populate-field.php on line 195
[09-Mar-2023 16:58:01 UTC] PHP Warning:  Undefined array key "pre_populate_passing_field" in /Users/nicolasvandenheede/Local Sites/planty/app/public/wp-content/plugins/ultimate-addons-for-contact-form-7/addons/pre-populate-field/pre-populate-field.php on line 200
[09-Mar-2023 16:58:01 UTC] PHP Warning:  foreach() argument must be of type array|object, null given in /Users/nicolasvandenheede/Local Sites/planty/app/public/wp-content/plugins/ultimate-addons-for-contact-form-7/addons/pre-populate-field/pre-populate-field.php on line 200
[10-Mar-2023 14:50:36 UTC] PHP Warning:  Une erreur imprévue est survenue. Il pourrait y avoir un problème avec WordPress.org ou la configuration de ce serveur. Si vous continuez à rencontrer ce problème, veuillez vous rendre sur les <a href="https://wpfr.net/support">forums de support</a>. (WordPress n’a pas pu établir de connexion sécurisée vers WordPress.org. Veuillez contacter l’administrateur ou l’administratrice de votre serveur.) in /Users/nicolasvandenheede/Local Sites/planty/app/public/wp-includes/update.php on line 209
[10-Mar-2023 14:50:36 UTC] PHP Warning:  Une erreur imprévue est survenue. Il pourrait y avoir un problème avec WordPress.org ou la configuration de ce serveur. Si vous continuez à rencontrer ce problème, veuillez vous rendre sur les <a href="https://wpfr.net/support">forums de support</a>. (WordPress n’a pas pu établir de connexion sécurisée vers WordPress.org. Veuillez contacter l’administrateur ou l’administratrice de votre serveur.) in /Users/nicolasvandenheede/Local Sites/planty/app/public/wp-includes/update.php on line 447
[10-Mar-2023 14:50:36 UTC] PHP Warning:  Une erreur imprévue est survenue. Il pourrait y avoir un problème avec WordPress.org ou la configuration de ce serveur. Si vous continuez à rencontrer ce problème, veuillez vous rendre sur les <a href="https://wpfr.net/support">forums de support</a>. (WordPress n’a pas pu établir de connexion sécurisée vers WordPress.org. Veuillez contacter l’administrateur ou l’administratrice de votre serveur.) in /Users/nicolasvandenheede/Local Sites/planty/app/public/wp-includes/update.php on line 728
[12-Mar-2023 11:30:51 UTC] Erreur d’événement de replanification de tâche pour le crochet wp_privacy_delete_old_export_files. Code d’erreur : could_not_set. Message d’erreur : La liste des évènements planifiés n’a pas pu être sauvegardée.. Données : {"schedule":"hourly","args":[],"interval":3600}
[13-Mar-2023 16:36:37 UTC] Erreur d’événement de replanification de tâche pour le crochet wp_nf_update_fields_cron. Code d’erreur : invalid_schedule. Message d’erreur : L’évènement planifié n’existe pas.. Données : {"schedule":"wp_nf_update_fields_cron_interval","args":[],"interval":300}
[13-Mar-2023 16:37:20 UTC] PHP Warning:  Undefined array key "default_label_pos" in /Users/nicolasvandenheede/Local Sites/planty/app/public/wp-content/plugins/ninja-forms/includes/Admin/Processes/ImportForm.php on line 271
[13-Mar-2023 16:37:20 UTC] PHP Warning:  Undefined array key "default_label_pos" in /Users/nicolasvandenheede/Local Sites/planty/app/public/wp-content/plugins/ninja-forms/includes/Admin/Processes/ImportForm.php on line 272
[13-Mar-2023 16:37:20 UTC] PHP Warning:  Undefined array key "seq_num" in /Users/nicolasvandenheede/Local Sites/planty/app/public/wp-content/plugins/ninja-forms/includes/Admin/Processes/ImportForm.php on line 271
[13-Mar-2023 16:37:20 UTC] PHP Warning:  Undefined array key "seq_num" in /Users/nicolasvandenheede/Local Sites/planty/app/public/wp-content/plugins/ninja-forms/includes/Admin/Processes/ImportForm.php on line 272
[13-Mar-2023 16:37:20 UTC] PHP Warning:  Undefined array key "updated_at" in /Users/nicolasvandenheede/Local Sites/planty/app/public/wp-content/plugins/ninja-forms/includes/Admin/Processes/ImportForm.php on line 359
[13-Mar-2023 16:37:20 UTC] PHP Warning:  Undefined array key "updated_at" in /Users/nicolasvandenheede/Local Sites/planty/app/public/wp-content/plugins/ninja-forms/includes/Admin/Processes/ImportForm.php on line 360
[13-Mar-2023 16:37:20 UTC] PHP Warning:  Undefined array key "updated_at" in /Users/nicolasvandenheede/Local Sites/planty/app/public/wp-content/plugins/ninja-forms/includes/Admin/Processes/ImportForm.php on line 359
[13-Mar-2023 16:37:20 UTC] PHP Warning:  Undefined array key "updated_at" in /Users/nicolasvandenheede/Local Sites/planty/app/public/wp-content/plugins/ninja-forms/includes/Admin/Processes/ImportForm.php on line 360
[13-Mar-2023 16:37:20 UTC] PHP Warning:  Undefined array key "updated_at" in /Users/nicolasvandenheede/Local Sites/planty/app/public/wp-content/plugins/ninja-forms/includes/Admin/Processes/ImportForm.php on line 359
[13-Mar-2023 16:37:20 UTC] PHP Warning:  Undefined array key "updated_at" in /Users/nicolasvandenheede/Local Sites/planty/app/public/wp-content/plugins/ninja-forms/includes/Admin/Processes/ImportForm.php on line 360
[13-Mar-2023 16:37:20 UTC] PHP Warning:  Undefined array key "id" in /Users/nicolasvandenheede/Local Sites/planty/app/public/wp-content/plugins/ninja-forms/includes/Admin/Processes/ImportForm.php on line 456
[13-Mar-2023 16:37:20 UTC] PHP Warning:  Undefined array key "id" in /Users/nicolasvandenheede/Local Sites/planty/app/public/wp-content/plugins/ninja-forms/includes/Admin/Processes/ImportForm.php on line 457
[13-Mar-2023 16:37:20 UTC] PHP Warning:  Undefined array key "required" in /Users/nicolasvandenheede/Local Sites/planty/app/public/wp-content/plugins/ninja-forms/includes/Admin/Processes/ImportForm.php on line 456
[13-Mar-2023 16:37:20 UTC] PHP Warning:  Undefined array key "required" in /Users/nicolasvandenheede/Local Sites/planty/app/public/wp-content/plugins/ninja-forms/includes/Admin/Processes/ImportForm.php on line 457
[13-Mar-2023 16:37:20 UTC] PHP Warning:  Undefined array key "label_pos" in /Users/nicolasvandenheede/Local Sites/planty/app/public/wp-content/plugins/ninja-forms/includes/Admin/Processes/ImportForm.php on line 456
[13-Mar-2023 16:37:20 UTC] PHP Warning:  Undefined array key "label_pos" in /Users/nicolasvandenheede/Local Sites/planty/app/public/wp-content/plugins/ninja-forms/includes/Admin/Processes/ImportForm.php on line 457
[13-Mar-2023 16:37:20 UTC] PHP Warning:  Undefined array key "personally_identifiable" in /Users/nicolasvandenheede/Local Sites/planty/app/public/wp-content/plugins/ninja-forms/includes/Admin/Processes/ImportForm.php on line 456
[13-Mar-2023 16:37:20 UTC] PHP Warning:  Undefined array key "personally_identifiable" in /Users/nicolasvandenheede/Local Sites/planty/app/public/wp-content/plugins/ninja-forms/includes/Admin/Processes/ImportForm.php on line 457
[13-Mar-2023 16:37:20 UTC] PHP Warning:  Undefined array key "id" in /Users/nicolasvandenheede/Local Sites/planty/app/public/wp-content/plugins/ninja-forms/includes/Admin/Processes/ImportForm.php on line 456
[13-Mar-2023 16:37:20 UTC] PHP Warning:  Undefined array key "id" in /Users/nicolasvandenheede/Local Sites/planty/app/public/wp-content/plugins/ninja-forms/includes/Admin/Processes/ImportForm.php on line 457
[13-Mar-2023 16:37:20 UTC] PHP Warning:  Undefined array key "personally_identifiable" in /Users/nicolasvandenheede/Local Sites/planty/app/public/wp-content/plugins/ninja-forms/includes/Admin/Processes/ImportForm.php on line 456
[13-Mar-2023 16:37:20 UTC] PHP Warning:  Undefined array key "personally_identifiable" in /Users/nicolasvandenheede/Local Sites/planty/app/public/wp-content/plugins/ninja-forms/includes/Admin/Processes/ImportForm.php on line 457
[13-Mar-2023 16:37:20 UTC] PHP Warning:  Undefined array key "id" in /Users/nicolasvandenheede/Local Sites/planty/app/public/wp-content/plugins/ninja-forms/includes/Admin/Processes/ImportForm.php on line 456
[13-Mar-2023 16:37:20 UTC] PHP Warning:  Undefined array key "id" in /Users/nicolasvandenheede/Local Sites/planty/app/public/wp-content/plugins/ninja-forms/includes/Admin/Processes/ImportForm.php on line 457
[13-Mar-2023 16:37:20 UTC] PHP Warning:  Undefined array key "personally_identifiable" in /Users/nicolasvandenheede/Local Sites/planty/app/public/wp-content/plugins/ninja-forms/includes/Admin/Processes/ImportForm.php on line 456
[13-Mar-2023 16:37:20 UTC] PHP Warning:  Undefined array key "personally_identifiable" in /Users/nicolasvandenheede/Local Sites/planty/app/public/wp-content/plugins/ninja-forms/includes/Admin/Processes/ImportForm.php on line 457
[13-Mar-2023 16:37:20 UTC] PHP Warning:  Undefined array key "id" in /Users/nicolasvandenheede/Local Sites/planty/app/public/wp-content/plugins/ninja-forms/includes/Admin/Processes/ImportForm.php on line 456
[13-Mar-2023 16:37:20 UTC] PHP Warning:  Undefined array key "id" in /Users/nicolasvandenheede/Local Sites/planty/app/public/wp-content/plugins/ninja-forms/includes/Admin/Processes/ImportForm.php on line 457
[13-Mar-2023 16:37:20 UTC] PHP Warning:  Undefined array key "personally_identifiable" in /Users/nicolasvandenheede/Local Sites/planty/app/public/wp-content/plugins/ninja-forms/includes/Admin/Processes/ImportForm.php on line 456
[13-Mar-2023 16:37:20 UTC] PHP Warning:  Undefined array key "personally_identifiable" in /Users/nicolasvandenheede/Local Sites/planty/app/public/wp-content/plugins/ninja-forms/includes/Admin/Processes/ImportForm.php on line 457
[13-Mar-2023 16:37:20 UTC] PHP Warning:  Undefined array key "id" in /Users/nicolasvandenheede/Local Sites/planty/app/public/wp-content/plugins/ninja-forms/includes/Admin/Processes/ImportForm.php on line 456
[13-Mar-2023 16:37:20 UTC] PHP Warning:  Undefined array key "id" in /Users/nicolasvandenheede/Local Sites/planty/app/public/wp-content/plugins/ninja-forms/includes/Admin/Processes/ImportForm.php on line 457
[13-Mar-2023 16:37:20 UTC] PHP Warning:  Undefined array key "default" in /Users/nicolasvandenheede/Local Sites/planty/app/public/wp-content/plugins/ninja-forms/includes/Admin/Processes/ImportForm.php on line 456
[13-Mar-2023 16:37:20 UTC] PHP Warning:  Undefined array key "default" in /Users/nicolasvandenheede/Local Sites/planty/app/public/wp-content/plugins/ninja-forms/includes/Admin/Processes/ImportForm.php on line 457
[13-Mar-2023 16:37:20 UTC] PHP Warning:  Undefined array key "personally_identifiable" in /Users/nicolasvandenheede/Local Sites/planty/app/public/wp-content/plugins/ninja-forms/includes/Admin/Processes/ImportForm.php on line 456
[13-Mar-2023 16:37:20 UTC] PHP Warning:  Undefined array key "personally_identifiable" in /Users/nicolasvandenheede/Local Sites/planty/app/public/wp-content/plugins/ninja-forms/includes/Admin/Processes/ImportForm.php on line 457
[13-Mar-2023 16:37:20 UTC] PHP Warning:  Undefined array key "id" in /Users/nicolasvandenheede/Local Sites/planty/app/public/wp-content/plugins/ninja-forms/includes/Admin/Processes/ImportForm.php on line 456
[13-Mar-2023 16:37:20 UTC] PHP Warning:  Undefined array key "id" in /Users/nicolasvandenheede/Local Sites/planty/app/public/wp-content/plugins/ninja-forms/includes/Admin/Processes/ImportForm.php on line 457
[13-Mar-2023 16:37:20 UTC] PHP Warning:  Undefined array key "personally_identifiable" in /Users/nicolasvandenheede/Local Sites/planty/app/public/wp-content/plugins/ninja-forms/includes/Admin/Processes/ImportForm.php on line 456
[13-Mar-2023 16:37:20 UTC] PHP Warning:  Undefined array key "personally_identifiable" in /Users/nicolasvandenheede/Local Sites/planty/app/public/wp-content/plugins/ninja-forms/includes/Admin/Processes/ImportForm.php on line 457
[13-Mar-2023 16:37:20 UTC] PHP Warning:  Undefined array key "id" in /Users/nicolasvandenheede/Local Sites/planty/app/public/wp-content/plugins/ninja-forms/includes/Admin/Processes/ImportForm.php on line 456
[13-Mar-2023 16:37:20 UTC] PHP Warning:  Undefined array key "id" in /Users/nicolasvandenheede/Local Sites/planty/app/public/wp-content/plugins/ninja-forms/includes/Admin/Processes/ImportForm.php on line 457
[13-Mar-2023 16:37:20 UTC] PHP Warning:  Undefined array key "required" in /Users/nicolasvandenheede/Local Sites/planty/app/public/wp-content/plugins/ninja-forms/includes/Admin/Processes/ImportForm.php on line 456
[13-Mar-2023 16:37:20 UTC] PHP Warning:  Undefined array key "required" in /Users/nicolasvandenheede/Local Sites/planty/app/public/wp-content/plugins/ninja-forms/includes/Admin/Processes/ImportForm.php on line 457
[13-Mar-2023 16:37:20 UTC] PHP Warning:  Undefined array key "default" in /Users/nicolasvandenheede/Local Sites/planty/app/public/wp-content/plugins/ninja-forms/includes/Admin/Processes/ImportForm.php on line 456
[13-Mar-2023 16:37:20 UTC] PHP Warning:  Undefined array key "default" in /Users/nicolasvandenheede/Local Sites/planty/app/public/wp-content/plugins/ninja-forms/includes/Admin/Processes/ImportForm.php on line 457
[13-Mar-2023 16:37:20 UTC] PHP Warning:  Undefined array key "label_pos" in /Users/nicolasvandenheede/Local Sites/planty/app/public/wp-content/plugins/ninja-forms/includes/Admin/Processes/ImportForm.php on line 456
[13-Mar-2023 16:37:20 UTC] PHP Warning:  Undefined array key "label_pos" in /Users/nicolasvandenheede/Local Sites/planty/app/public/wp-content/plugins/ninja-forms/includes/Admin/Processes/ImportForm.php on line 457
[13-Mar-2023 16:37:20 UTC] PHP Warning:  Undefined array key "personally_identifiable" in /Users/nicolasvandenheede/Local Sites/planty/app/public/wp-content/plugins/ninja-forms/includes/Admin/Processes/ImportForm.php on line 456
[13-Mar-2023 16:37:20 UTC] PHP Warning:  Undefined array key "personally_identifiable" in /Users/nicolasvandenheede/Local Sites/planty/app/public/wp-content/plugins/ninja-forms/includes/Admin/Processes/ImportForm.php on line 457
[13-Mar-2023 16:37:20 UTC] PHP Warning:  Undefined array key "id" in /Users/nicolasvandenheede/Local Sites/planty/app/public/wp-content/plugins/ninja-forms/includes/Admin/Processes/ImportForm.php on line 456
[13-Mar-2023 16:37:20 UTC] PHP Warning:  Undefined array key "id" in /Users/nicolasvandenheede/Local Sites/planty/app/public/wp-content/plugins/ninja-forms/includes/Admin/Processes/ImportForm.php on line 457
[13-Mar-2023 16:37:20 UTC] PHP Warning:  Undefined array key "default" in /Users/nicolasvandenheede/Local Sites/planty/app/public/wp-content/plugins/ninja-forms/includes/Admin/Processes/ImportForm.php on line 456
[13-Mar-2023 16:37:20 UTC] PHP Warning:  Undefined array key "default" in /Users/nicolasvandenheede/Local Sites/planty/app/public/wp-content/plugins/ninja-forms/includes/Admin/Processes/ImportForm.php on line 457
[13-Mar-2023 16:37:20 UTC] PHP Warning:  Undefined array key "personally_identifiable" in /Users/nicolasvandenheede/Local Sites/planty/app/public/wp-content/plugins/ninja-forms/includes/Admin/Processes/ImportForm.php on line 456
[13-Mar-2023 16:37:20 UTC] PHP Warning:  Undefined array key "personally_identifiable" in /Users/nicolasvandenheede/Local Sites/planty/app/public/wp-content/plugins/ninja-forms/includes/Admin/Processes/ImportForm.php on line 457
[13-Mar-2023 16:37:20 UTC] PHP Warning:  Undefined array key "id" in /Users/nicolasvandenheede/Local Sites/planty/app/public/wp-content/plugins/ninja-forms/includes/Admin/Processes/ImportForm.php on line 456
[13-Mar-2023 16:37:20 UTC] PHP Warning:  Undefined array key "id" in /Users/nicolasvandenheede/Local Sites/planty/app/public/wp-content/plugins/ninja-forms/includes/Admin/Processes/ImportForm.php on line 457
[13-Mar-2023 16:37:20 UTC] PHP Warning:  Undefined array key "default" in /Users/nicolasvandenheede/Local Sites/planty/app/public/wp-content/plugins/ninja-forms/includes/Admin/Processes/ImportForm.php on line 456
[13-Mar-2023 16:37:20 UTC] PHP Warning:  Undefined array key "default" in /Users/nicolasvandenheede/Local Sites/planty/app/public/wp-content/plugins/ninja-forms/includes/Admin/Processes/ImportForm.php on line 457
[13-Mar-2023 16:37:20 UTC] PHP Warning:  Undefined array key "personally_identifiable" in /Users/nicolasvandenheede/Local Sites/planty/app/public/wp-content/plugins/ninja-forms/includes/Admin/Processes/ImportForm.php on line 456
[13-Mar-2023 16:37:20 UTC] PHP Warning:  Undefined array key "personally_identifiable" in /Users/nicolasvandenheede/Local Sites/planty/app/public/wp-content/plugins/ninja-forms/includes/Admin/Processes/ImportForm.php on line 457
[13-Mar-2023 16:37:20 UTC] PHP Warning:  Undefined array key "id" in /Users/nicolasvandenheede/Local Sites/planty/app/public/wp-content/plugins/ninja-forms/includes/Admin/Processes/ImportForm.php on line 456
[13-Mar-2023 16:37:20 UTC] PHP Warning:  Undefined array key "id" in /Users/nicolasvandenheede/Local Sites/planty/app/public/wp-content/plugins/ninja-forms/includes/Admin/Processes/ImportForm.php on line 457
[13-Mar-2023 16:37:20 UTC] PHP Warning:  Undefined array key "default" in /Users/nicolasvandenheede/Local Sites/planty/app/public/wp-content/plugins/ninja-forms/includes/Admin/Processes/ImportForm.php on line 456
[13-Mar-2023 16:37:20 UTC] PHP Warning:  Undefined array key "default" in /Users/nicolasvandenheede/Local Sites/planty/app/public/wp-content/plugins/ninja-forms/includes/Admin/Processes/ImportForm.php on line 457
[13-Mar-2023 16:37:20 UTC] PHP Warning:  Undefined array key "personally_identifiable" in /Users/nicolasvandenheede/Local Sites/planty/app/public/wp-content/plugins/ninja-forms/includes/Admin/Processes/ImportForm.php on line 456
[13-Mar-2023 16:37:20 UTC] PHP Warning:  Undefined array key "personally_identifiable" in /Users/nicolasvandenheede/Local Sites/planty/app/public/wp-content/plugins/ninja-forms/includes/Admin/Processes/ImportForm.php on line 457
[13-Mar-2023 16:37:20 UTC] PHP Warning:  Undefined array key "id" in /Users/nicolasvandenheede/Local Sites/planty/app/public/wp-content/plugins/ninja-forms/includes/Admin/Processes/ImportForm.php on line 456
[13-Mar-2023 16:37:20 UTC] PHP Warning:  Undefined array key "id" in /Users/nicolasvandenheede/Local Sites/planty/app/public/wp-content/plugins/ninja-forms/includes/Admin/Processes/ImportForm.php on line 457
[13-Mar-2023 16:37:20 UTC] PHP Warning:  Undefined array key "personally_identifiable" in /Users/nicolasvandenheede/Local Sites/planty/app/public/wp-content/plugins/ninja-forms/includes/Admin/Processes/ImportForm.php on line 456
[13-Mar-2023 16:37:20 UTC] PHP Warning:  Undefined array key "personally_identifiable" in /Users/nicolasvandenheede/Local Sites/planty/app/public/wp-content/plugins/ninja-forms/includes/Admin/Processes/ImportForm.php on line 457
[13-Mar-2023 16:37:20 UTC] PHP Warning:  Undefined array key "id" in /Users/nicolasvandenheede/Local Sites/planty/app/public/wp-content/plugins/ninja-forms/includes/Admin/Processes/ImportForm.php on line 456
[13-Mar-2023 16:37:20 UTC] PHP Warning:  Undefined array key "id" in /Users/nicolasvandenheede/Local Sites/planty/app/public/wp-content/plugins/ninja-forms/includes/Admin/Processes/ImportForm.php on line 457
[13-Mar-2023 16:37:20 UTC] PHP Warning:  Undefined array key "required" in /Users/nicolasvandenheede/Local Sites/planty/app/public/wp-content/plugins/ninja-forms/includes/Admin/Processes/ImportForm.php on line 456
[13-Mar-2023 16:37:20 UTC] PHP Warning:  Undefined array key "required" in /Users/nicolasvandenheede/Local Sites/planty/app/public/wp-content/plugins/ninja-forms/includes/Admin/Processes/ImportForm.php on line 457
[13-Mar-2023 16:37:20 UTC] PHP Warning:  Undefined array key "label_pos" in /Users/nicolasvandenheede/Local Sites/planty/app/public/wp-content/plugins/ninja-forms/includes/Admin/Processes/ImportForm.php on line 456
[13-Mar-2023 16:37:20 UTC] PHP Warning:  Undefined array key "label_pos" in /Users/nicolasvandenheede/Local Sites/planty/app/public/wp-content/plugins/ninja-forms/includes/Admin/Processes/ImportForm.php on line 457
[13-Mar-2023 16:37:20 UTC] PHP Warning:  Undefined array key "personally_identifiable" in /Users/nicolasvandenheede/Local Sites/planty/app/public/wp-content/plugins/ninja-forms/includes/Admin/Processes/ImportForm.php on line 456
[13-Mar-2023 16:37:20 UTC] PHP Warning:  Undefined array key "personally_identifiable" in /Users/nicolasvandenheede/Local Sites/planty/app/public/wp-content/plugins/ninja-forms/includes/Admin/Processes/ImportForm.php on line 457
[13-Mar-2023 16:37:20 UTC] PHP Warning:  Undefined array key "id" in /Users/nicolasvandenheede/Local Sites/planty/app/public/wp-content/plugins/ninja-forms/includes/Admin/Processes/ImportForm.php on line 456
[13-Mar-2023 16:37:20 UTC] PHP Warning:  Undefined array key "id" in /Users/nicolasvandenheede/Local Sites/planty/app/public/wp-content/plugins/ninja-forms/includes/Admin/Processes/ImportForm.php on line 457
[13-Mar-2023 16:37:20 UTC] PHP Warning:  Undefined array key "personally_identifiable" in /Users/nicolasvandenheede/Local Sites/planty/app/public/wp-content/plugins/ninja-forms/includes/Admin/Processes/ImportForm.php on line 456
[13-Mar-2023 16:37:20 UTC] PHP Warning:  Undefined array key "personally_identifiable" in /Users/nicolasvandenheede/Local Sites/planty/app/public/wp-content/plugins/ninja-forms/includes/Admin/Processes/ImportForm.php on line 457
[13-Mar-2023 16:37:20 UTC] PHP Warning:  Undefined array key "id" in /Users/nicolasvandenheede/Local Sites/planty/app/public/wp-content/plugins/ninja-forms/includes/Admin/Processes/ImportForm.php on line 456
[13-Mar-2023 16:37:20 UTC] PHP Warning:  Undefined array key "id" in /Users/nicolasvandenheede/Local Sites/planty/app/public/wp-content/plugins/ninja-forms/includes/Admin/Processes/ImportForm.php on line 457
[13-Mar-2023 16:37:20 UTC] PHP Warning:  Undefined array key "personally_identifiable" in /Users/nicolasvandenheede/Local Sites/planty/app/public/wp-content/plugins/ninja-forms/includes/Admin/Processes/ImportForm.php on line 456
[13-Mar-2023 16:37:20 UTC] PHP Warning:  Undefined array key "personally_identifiable" in /Users/nicolasvandenheede/Local Sites/planty/app/public/wp-content/plugins/ninja-forms/includes/Admin/Processes/ImportForm.php on line 457
[13-Mar-2023 16:37:20 UTC] PHP Warning:  Undefined array key "id" in /Users/nicolasvandenheede/Local Sites/planty/app/public/wp-content/plugins/ninja-forms/includes/Admin/Processes/ImportForm.php on line 456
[13-Mar-2023 16:37:20 UTC] PHP Warning:  Undefined array key "id" in /Users/nicolasvandenheede/Local Sites/planty/app/public/wp-content/plugins/ninja-forms/includes/Admin/Processes/ImportForm.php on line 457
[13-Mar-2023 16:37:20 UTC] PHP Warning:  Undefined array key "personally_identifiable" in /Users/nicolasvandenheede/Local Sites/planty/app/public/wp-content/plugins/ninja-forms/includes/Admin/Processes/ImportForm.php on line 456
[13-Mar-2023 16:37:20 UTC] PHP Warning:  Undefined array key "personally_identifiable" in /Users/nicolasvandenheede/Local Sites/planty/app/public/wp-content/plugins/ninja-forms/includes/Admin/Processes/ImportForm.php on line 457
[13-Mar-2023 17:14:25 UTC] Erreur d’événement de replanification de tâche pour le crochet forminator_send_export. Code d’erreur : invalid_schedule. Message d’erreur : L’évènement planifié n’existe pas.. Données : {"schedule":"every_minute","args":[],"interval":60}
[13-Mar-2023 17:14:25 UTC] Erreur d’événement de replanification de tâche pour le crochet forminator_process_report. Code d’erreur : invalid_schedule. Message d’erreur : L’évènement planifié n’existe pas.. Données : {"schedule":"every_minute","args":[],"interval":60}
[13-Mar-2023 20:19:57 UTC] Erreur d’événement de replanification de tâche pour le crochet nf_marketing_feed_cron. Code d’erreur : invalid_schedule. Message d’erreur : L’évènement planifié n’existe pas.. Données : {"schedule":"nf-weekly","args":[],"interval":604800}
[13-Mar-2023 20:19:57 UTC] Erreur d’événement de replanification de tâche pour le crochet nf_weekly_promotion_update. Code d’erreur : invalid_schedule. Message d’erreur : L’évènement planifié n’existe pas.. Données : {"schedule":"nf-weekly","args":[],"interval":604800}
[13-Mar-2023 20:19:57 UTC] Erreur d’événement de replanification de tâche pour le crochet nf_optin_cron. Code d’erreur : invalid_schedule. Message d’erreur : L’évènement planifié n’existe pas.. Données : {"schedule":"nf-monthly","args":[],"interval":2678400}
[14-Mar-2023 10:19:13 UTC] Erreur d’événement de replanification de tâche pour le crochet wp_privacy_delete_old_export_files. Code d’erreur : could_not_set. Message d’erreur : La liste des évènements planifiés n’a pas pu être sauvegardée.. Données : {"schedule":"hourly","args":[],"interval":3600}
[14-Mar-2023 23:09:22 UTC] Erreur d’événement de replanification de tâche pour le crochet wp_privacy_delete_old_export_files. Code d’erreur : could_not_set. Message d’erreur : La liste des évènements planifiés n’a pas pu être sauvegardée.. Données : {"schedule":"hourly","args":[],"interval":3600}
[18-Mar-2023 08:05:40 UTC] Erreur d’événement de replanification de tâche pour le crochet wp_privacy_delete_old_export_files. Code d’erreur : could_not_set. Message d’erreur : La liste des évènements planifiés n’a pas pu être sauvegardée.. Données : {"schedule":"hourly","args":[],"interval":3600}
[18-Mar-2023 08:05:45 UTC] Erreur d’événement de replanification de tâche pour le crochet wp_version_check. Code d’erreur : could_not_set. Message d’erreur : La liste des évènements planifiés n’a pas pu être sauvegardée.. Données : {"schedule":"twicedaily","args":[],"interval":43200}
[18-Mar-2023 08:05:45 UTC] PHP Warning:  Une erreur imprévue est survenue. Il pourrait y avoir un problème avec WordPress.org ou la configuration de ce serveur. Si vous continuez à rencontrer ce problème, veuillez vous rendre sur les <a href="https://wpfr.net/support">forums de support</a>. (WordPress n’a pas pu établir de connexion sécurisée vers WordPress.org. Veuillez contacter l’administrateur ou l’administratrice de votre serveur.) in /Users/nicolasvandenheede/Local Sites/planty/app/public/wp-includes/update.php on line 447
[18-Mar-2023 08:05:45 UTC] PHP Warning:  Une erreur imprévue est survenue. Il pourrait y avoir un problème avec WordPress.org ou la configuration de ce serveur. Si vous continuez à rencontrer ce problème, veuillez vous rendre sur les <a href="https://wpfr.net/support">forums de support</a>. (WordPress n’a pas pu établir de connexion sécurisée vers WordPress.org. Veuillez contacter l’administrateur ou l’administratrice de votre serveur.) in /Users/nicolasvandenheede/Local Sites/planty/app/public/wp-includes/update.php on line 447
[18-Mar-2023 08:05:45 UTC] PHP Warning:  Une erreur imprévue est survenue. Il pourrait y avoir un problème avec WordPress.org ou la configuration de ce serveur. Si vous continuez à rencontrer ce problème, veuillez vous rendre sur les <a href="https://wpfr.net/support">forums de support</a>. (WordPress n’a pas pu établir de connexion sécurisée vers WordPress.org. Veuillez contacter l’administrateur ou l’administratrice de votre serveur.) in /Users/nicolasvandenheede/Local Sites/planty/app/public/wp-includes/update.php on line 728
[18-Mar-2023 08:05:45 UTC] PHP Warning:  Une erreur imprévue est survenue. Il pourrait y avoir un problème avec WordPress.org ou la configuration de ce serveur. Si vous continuez à rencontrer ce problème, veuillez vous rendre sur les <a href="https://wpfr.net/support">forums de support</a>. (WordPress n’a pas pu établir de connexion sécurisée vers WordPress.org. Veuillez contacter l’administrateur ou l’administratrice de votre serveur.) in /Users/nicolasvandenheede/Local Sites/planty/app/public/wp-includes/update.php on line 728
