[13-Feb-2023 14:54:34] NOTICE: fpm is running, pid 1345
[13-Feb-2023 14:54:34] NOTICE: ready to handle connections
[13-Feb-2023 15:48:10] NOTICE: Terminating ...
[13-Feb-2023 15:48:10] NOTICE: Terminating ...
[13-Feb-2023 15:48:10] NOTICE: exiting, bye-bye!
[15-Feb-2023 17:37:13] NOTICE: fpm is running, pid 3009
[15-Feb-2023 17:37:13] NOTICE: ready to handle connections
[15-Feb-2023 18:20:32] NOTICE: Terminating ...
[15-Feb-2023 18:20:32] NOTICE: Terminating ...
[15-Feb-2023 18:20:32] NOTICE: exiting, bye-bye!
[20-Feb-2023 09:54:02] NOTICE: fpm is running, pid 890
[20-Feb-2023 09:54:02] NOTICE: ready to handle connections
[20-Feb-2023 10:27:13] NOTICE: Terminating ...
[20-Feb-2023 10:27:13] NOTICE: Terminating ...
[20-Feb-2023 10:27:13] NOTICE: exiting, bye-bye!
[20-Feb-2023 10:44:46] NOTICE: fpm is running, pid 1166
[20-Feb-2023 10:44:46] NOTICE: ready to handle connections
[20-Feb-2023 12:27:11] NOTICE: Terminating ...
[20-Feb-2023 12:27:11] NOTICE: Terminating ...
[20-Feb-2023 12:27:11] NOTICE: exiting, bye-bye!
[20-Feb-2023 15:07:41] NOTICE: fpm is running, pid 1918
[20-Feb-2023 15:07:41] NOTICE: ready to handle connections
[20-Feb-2023 18:59:16] NOTICE: Terminating ...
[20-Feb-2023 18:59:16] NOTICE: Terminating ...
[20-Feb-2023 18:59:16] NOTICE: exiting, bye-bye!
[21-Feb-2023 09:47:23] NOTICE: fpm is running, pid 40046
[21-Feb-2023 09:47:23] NOTICE: ready to handle connections
[21-Feb-2023 14:09:28] NOTICE: Terminating ...
[21-Feb-2023 14:09:28] NOTICE: Terminating ...
[21-Feb-2023 14:09:28] NOTICE: exiting, bye-bye!
[21-Feb-2023 15:11:15] NOTICE: fpm is running, pid 96035
[21-Feb-2023 15:11:15] NOTICE: ready to handle connections
[21-Feb-2023 17:16:49] NOTICE: Terminating ...
[21-Feb-2023 17:16:49] NOTICE: Terminating ...
[21-Feb-2023 17:16:49] NOTICE: exiting, bye-bye!
[04-Mar-2023 12:17:57] NOTICE: fpm is running, pid 97668
[04-Mar-2023 12:17:57] NOTICE: ready to handle connections
[04-Mar-2023 17:06:06] NOTICE: Terminating ...
[04-Mar-2023 17:06:06] NOTICE: Terminating ...
[04-Mar-2023 17:06:06] NOTICE: exiting, bye-bye!
[04-Mar-2023 17:49:43] NOTICE: fpm is running, pid 1706
[04-Mar-2023 17:49:43] NOTICE: ready to handle connections
[04-Mar-2023 18:41:05] NOTICE: Terminating ...
[04-Mar-2023 18:41:05] NOTICE: Terminating ...
[04-Mar-2023 18:41:05] NOTICE: exiting, bye-bye!
[05-Mar-2023 14:09:05] NOTICE: fpm is running, pid 4511
[05-Mar-2023 14:09:05] NOTICE: ready to handle connections
[05-Mar-2023 21:34:24] NOTICE: Terminating ...
[05-Mar-2023 21:34:24] NOTICE: Terminating ...
[05-Mar-2023 21:34:24] NOTICE: exiting, bye-bye!
[06-Mar-2023 08:53:33] NOTICE: fpm is running, pid 12375
[06-Mar-2023 08:53:33] NOTICE: ready to handle connections
[06-Mar-2023 13:21:33] NOTICE: Terminating ...
[06-Mar-2023 13:21:33] NOTICE: Terminating ...
[06-Mar-2023 13:21:33] NOTICE: exiting, bye-bye!
[06-Mar-2023 15:00:42] NOTICE: fpm is running, pid 16979
[06-Mar-2023 15:00:42] NOTICE: ready to handle connections
[07-Mar-2023 00:06:48] NOTICE: Terminating ...
[07-Mar-2023 00:06:48] NOTICE: Terminating ...
[07-Mar-2023 00:06:48] NOTICE: exiting, bye-bye!
[07-Mar-2023 10:20:46] NOTICE: fpm is running, pid 24749
[07-Mar-2023 10:20:46] NOTICE: ready to handle connections
